  trackglut.cpp
z:\virtual environments\sandbox-2015 - 2016-17\trackglut.cpp(98): warning C4244: '=': conversion from 'const vrpn_float64' to 'float', possible loss of data
z:\virtual environments\sandbox-2015 - 2016-17\trackglut.cpp(125): warning C4244: '+=': conversion from 'const double' to 'float', possible loss of data
z:\virtual environments\sandbox-2015 - 2016-17\trackglut.cpp(133): warning C4244: '=': conversion from 'const double' to 'float', possible loss of data
z:\virtual environments\sandbox-2015 - 2016-17\trackglut.cpp(146): warning C4244: '=': conversion from 'double' to 'float', possible loss of data
z:\virtual environments\sandbox-2015 - 2016-17\trackglut.cpp(147): warning C4244: '=': conversion from 'double' to 'float', possible loss of data
z:\virtual environments\sandbox-2015 - 2016-17\trackglut.cpp(148): warning C4244: '=': conversion from 'double' to 'float', possible loss of data
z:\virtual environments\sandbox-2015 - 2016-17\trackglut.cpp(149): warning C4244: '=': conversion from 'double' to 'float', possible loss of data
z:\virtual environments\sandbox-2015 - 2016-17\trackglut.cpp(150): warning C4244: '=': conversion from 'double' to 'float', possible loss of data
z:\virtual environments\sandbox-2015 - 2016-17\trackglut.cpp(152): warning C4244: '=': conversion from 'double' to 'float', possible loss of data
z:\virtual environments\sandbox-2015 - 2016-17\trackglut.cpp(159): warning C4244: '=': conversion from 'double' to 'float', possible loss of data
z:\virtual environments\sandbox-2015 - 2016-17\trackglut.cpp(160): warning C4244: '=': conversion from 'double' to 'float', possible loss of data
z:\virtual environments\sandbox-2015 - 2016-17\trackglut.cpp(161): warning C4244: '=': conversion from 'double' to 'float', possible loss of data
z:\virtual environments\sandbox-2015 - 2016-17\trackglut.cpp(163): warning C4244: '=': conversion from 'double' to 'float', possible loss of data
z:\virtual environments\sandbox-2015 - 2016-17\trackglut.cpp(178): warning C4244: '=': conversion from 'double' to 'float', possible loss of data
z:\virtual environments\sandbox-2015 - 2016-17\trackglut.cpp(179): warning C4244: '=': conversion from 'double' to 'float', possible loss of data
z:\virtual environments\sandbox-2015 - 2016-17\trackglut.cpp(180): warning C4244: '=': conversion from 'double' to 'float', possible loss of data
z:\virtual environments\sandbox-2015 - 2016-17\trackglut.cpp(183): warning C4244: '=': conversion from 'const double' to 'float', possible loss of data
z:\virtual environments\sandbox-2015 - 2016-17\trackglut.cpp(440): warning C4305: 'argument': truncation from 'double' to 'GLfloat'
  08347ACW.vcxproj -> Z:\Virtual Environments\sandbox-2015 - 2016-17\Debug\08347ACW.exe
  08347ACW.vcxproj -> Debug\08347ACW.pdb (Full PDB)
